\BOOKMARK [0][-]{chapter.1}{\376\377\000M\000A\000R\000I\000G\000O\000L\000D\000\040\000P\000a\000c\000k\000a\000g\000e}{}% 1
\BOOKMARK [1][-]{section.1.1}{\376\377\000F\000u\000n\000c\000t\000i\000o\000n\000s}{chapter.1}% 2
\BOOKMARK [2][-]{subsection.1.1.1}{\376\377\000c\000o\000l\000o\000r\000\137\000c\000y\000c\000l\000e}{section.1.1}% 3
\BOOKMARK [2][-]{subsection.1.1.2}{\376\377\000d\000u\000m\000p\000\137\000d\000a\000t\000a\000\137\000f\000r\000o\000m\000\137\000t\000a\000b\000s}{section.1.1}% 4
\BOOKMARK [2][-]{subsection.1.1.3}{\376\377\000e\000x\000t\000r\000a\000c\000t\000I\000s\000k\000a\000n\000d\000r\000a\000n\000i\000D\000a\000t\000a}{section.1.1}% 5
\BOOKMARK [2][-]{subsection.1.1.4}{\376\377\000e\000x\000t\000r\000a\000c\000t\000L\000o\000c\000a\000l\000D\000a\000t\000a\000F\000r\000o\000m\000D\000i\000r}{section.1.1}% 6
\BOOKMARK [2][-]{subsection.1.1.5}{\376\377\000e\000x\000t\000r\000a\000c\000t\000P\000i\000t\000o\000t\000D\000a\000t\000a}{section.1.1}% 7
\BOOKMARK [2][-]{subsection.1.1.6}{\376\377\000e\000x\000t\000r\000a\000c\000t\000P\000r\000o\000b\000e\000D\000a\000t\000a}{section.1.1}% 8
\BOOKMARK [2][-]{subsection.1.1.7}{\376\377\000e\000x\000t\000r\000a\000c\000t\000Y\000a\000n\000g\000D\000a\000t\000a}{section.1.1}% 9
\BOOKMARK [2][-]{subsection.1.1.8}{\376\377\000l\000o\000a\000d\000D\000a\000t\000a}{section.1.1}% 10
\BOOKMARK [2][-]{subsection.1.1.9}{\376\377\000l\000o\000a\000d\000I\000s\000k\000a\000n\000d\000r\000a\000n\000i\000D\000a\000t\000a}{section.1.1}% 11
\BOOKMARK [2][-]{subsection.1.1.10}{\376\377\000l\000o\000a\000d\000P\000i\000t\000o\000t\000D\000a\000t\000a}{section.1.1}% 12
\BOOKMARK [2][-]{subsection.1.1.11}{\376\377\000l\000o\000a\000d\000P\000r\000o\000b\000e\000D\000a\000t\000a}{section.1.1}% 13
\BOOKMARK [2][-]{subsection.1.1.12}{\376\377\000l\000o\000a\000d\000Y\000a\000n\000g\000D\000a\000t\000a}{section.1.1}% 14
\BOOKMARK [2][-]{subsection.1.1.13}{\376\377\000m\000a\000r\000k\000e\000r\000\137\000c\000y\000c\000l\000e}{section.1.1}% 15
\BOOKMARK [1][-]{section.1.2}{\376\377\000C\000l\000a\000s\000s\000e\000s}{chapter.1}% 16
\BOOKMARK [2][-]{subsection.1.2.1}{\376\377\000C\000o\000n\000d\000i\000t\000i\000o\000n}{section.1.2}% 17
\BOOKMARK [2][-]{subsection.1.2.2}{\376\377\000I\000s\000k\000a\000n\000d\000r\000a\000n\000i\000\137\000C\000o\000n\000d\000i\000t\000i\000o\000n}{section.1.2}% 18
\BOOKMARK [2][-]{subsection.1.2.3}{\376\377\000Y\000a\000n\000g\000\137\000C\000o\000n\000d\000i\000t\000i\000o\000n}{section.1.2}% 19
\BOOKMARK [1][-]{section.1.3}{\376\377\000C\000l\000a\000s\000s\000\040\000I\000n\000h\000e\000r\000i\000t\000a\000n\000c\000e\000\040\000D\000i\000a\000g\000r\000a\000m}{chapter.1}% 20
\BOOKMARK [0][-]{chapter.2}{\376\377\000I\000n\000d\000i\000c\000e\000s\000\040\000a\000n\000d\000\040\000t\000a\000b\000l\000e\000s}{}% 21
\BOOKMARK [0][-]{section*.69}{\376\377\000P\000y\000t\000h\000o\000n\000\040\000M\000o\000d\000u\000l\000e\000\040\000I\000n\000d\000e\000x}{}% 22
\BOOKMARK [0][-]{section*.70}{\376\377\000I\000n\000d\000e\000x}{}% 23
