This is pdfTeX, Version 3.141592653-2.6-1.40.24 (TeX Live 2022) (preloaded format=pdflatex 2022.4.15)  5 DEC 2024 15:04
entering extended mode
 restricted \write18 enabled.
 %&-line parsing enabled.
**jf_4_0_jgloc_0_40_theta_-90_port_P7_adix_pdf -interaction=nonstopmode
(./jf_4_0_jgloc_0_40_theta_-90_port_P7_adix_pdf
LaTeX2e <2021-11-15> patch level 1
L3 programming layer <2022-04-10>
(c:/texlive/2022/texmf-dist/tex/latex/base/article.cls
Document Class: article 2021/10/04 v1.4n Standard LaTeX document class
(c:/texlive/2022/texmf-dist/tex/latex/base/size10.clo
File: size10.clo 2021/10/04 v1.4n Standard LaTeX file (size option)
)
\c@part=\count185
\c@section=\count186
\c@subsection=\count187
\c@subsubsection=\count188
\c@paragraph=\count189
\c@subparagraph=\count190
\c@figure=\count191
\c@table=\count192
\abovecaptionskip=\skip47
\belowcaptionskip=\skip48
\bibindent=\dimen138
)
(c:/texlive/2022/texmf-dist/tex/latex/tools/array.sty
Package: array 2021/10/04 v2.5f Tabular extension package (FMi)
\col@sep=\dimen139
\ar@mcellbox=\box50
\extrarowheight=\dimen140
\NC@list=\toks16
\extratabsurround=\skip49
\backup@length=\skip50
\ar@cellbox=\box51
)
(c:/texlive/2022/texmf-dist/tex/latex/was/gensymb.sty
Package: gensymb 2003/07/02 v1.0 (WaS)
)
(c:/texlive/2022/texmf-dist/tex/latex/l3backend/l3backend-pdftex.def
File: l3backend-pdftex.def 2022-04-14 L3 backend support: PDF output (pdfTeX)
\l__color_backend_stack_int=\count193
\l__pdf_internal_box=\box52
)
No file jf_4_0_jgloc_0_40_theta_-90_port_P7_adix_pdf.aux.
\openout1 = `jf_4_0_jgloc_0_40_theta_-90_port_P7_adix_pdf.aux'.

LaTeX Font Info:    Checking defaults for OML/cmm/m/it on input line 6.
LaTeX Font Info:    ... okay on input line 6.
LaTeX Font Info:    Checking defaults for OMS/cmsy/m/n on input line 6.
LaTeX Font Info:    ... okay on input line 6.
LaTeX Font Info:    Checking defaults for OT1/cmr/m/n on input line 6.
LaTeX Font Info:    ... okay on input line 6.
LaTeX Font Info:    Checking defaults for T1/cmr/m/n on input line 6.
LaTeX Font Info:    ... okay on input line 6.
LaTeX Font Info:    Checking defaults for TS1/cmr/m/n on input line 6.
LaTeX Font Info:    ... okay on input line 6.
LaTeX Font Info:    Checking defaults for OMX/cmex/m/n on input line 6.
LaTeX Font Info:    ... okay on input line 6.
LaTeX Font Info:    Checking defaults for U/cmr/m/n on input line 6.
LaTeX Font Info:    ... okay on input line 6.
LaTeX Info: Redefining \celsius on input line 6.
Package gensymb Info: Faking symbols for \degree and \celsius on input line 6.

Package gensymb Warning: Not defining \perthousand.

LaTeX Info: Redefining \ohm on input line 6.
Package gensymb Info: Using \Omega for \ohm on input line 6.

Package gensymb Warning: Not defining \micro.

LaTeX Font Info:    External font `cmex10' loaded for size
(Font)              <14.4> on input line 8.
LaTeX Font Info:    External font `cmex10' loaded for size
(Font)              <7> on input line 8.
LaTeX Font Info:    External font `cmex10' loaded for size
(Font)              <5> on input line 10.

Overfull \hbox (3.52994pt too wide) in paragraph at lines 12--12
[]|$\OML/cmm/m/it/10 a[]\OT1/cmr/m/n/10 [\OML/cmm/m/it/10 m[]\OT1/cmr/m/n/10 ]$
| 
 []


Overfull \hbox (3.52994pt too wide) in paragraph at lines 12--12
[]|$\OML/cmm/m/it/10 a[]\OT1/cmr/m/n/10 [\OML/cmm/m/it/10 m[]\OT1/cmr/m/n/10 ]$
| 
 []


Overfull \hbox (3.36581pt too wide) in paragraph at lines 12--12
[]|$\OML/cmm/m/it/10 v[]\OT1/cmr/m/n/10 [\OML/cmm/m/it/10 m=s\OT1/cmr/m/n/10 ]$
| 
 []


Overfull \hbox (3.36581pt too wide) in paragraph at lines 12--13
[]|$\OML/cmm/m/it/10 v[]\OT1/cmr/m/n/10 [\OML/cmm/m/it/10 m=s\OT1/cmr/m/n/10 ]$
| 
 []


Overfull \hbox (62.90796pt too wide) in paragraph at lines 10--34
[]  
 []


Overfull \hbox (3.52994pt too wide) in paragraph at lines 38--38
[]|$\OML/cmm/m/it/10 a[]\OT1/cmr/m/n/10 [\OML/cmm/m/it/10 m[]\OT1/cmr/m/n/10 ]$
| 
 []


Overfull \hbox (3.52994pt too wide) in paragraph at lines 38--38
[]|$\OML/cmm/m/it/10 a[]\OT1/cmr/m/n/10 [\OML/cmm/m/it/10 m[]\OT1/cmr/m/n/10 ]$
| 
 []


Overfull \hbox (3.36581pt too wide) in paragraph at lines 38--38
[]|$\OML/cmm/m/it/10 v[]\OT1/cmr/m/n/10 [\OML/cmm/m/it/10 m=s\OT1/cmr/m/n/10 ]$
| 
 []


Overfull \hbox (3.36581pt too wide) in paragraph at lines 38--39
[]|$\OML/cmm/m/it/10 v[]\OT1/cmr/m/n/10 [\OML/cmm/m/it/10 m=s\OT1/cmr/m/n/10 ]$
| 
 []


Overfull \hbox (62.90796pt too wide) in paragraph at lines 36--59
[]  
 []


Overfull \hbox (3.52994pt too wide) in paragraph at lines 63--63
[]|$\OML/cmm/m/it/10 a[]\OT1/cmr/m/n/10 [\OML/cmm/m/it/10 m[]\OT1/cmr/m/n/10 ]$
| 
 []


Overfull \hbox (3.52994pt too wide) in paragraph at lines 63--63
[]|$\OML/cmm/m/it/10 a[]\OT1/cmr/m/n/10 [\OML/cmm/m/it/10 m[]\OT1/cmr/m/n/10 ]$
| 
 []


Overfull \hbox (3.36581pt too wide) in paragraph at lines 63--63
[]|$\OML/cmm/m/it/10 v[]\OT1/cmr/m/n/10 [\OML/cmm/m/it/10 m=s\OT1/cmr/m/n/10 ]$
| 
 []


Overfull \hbox (3.36581pt too wide) in paragraph at lines 63--64
[]|$\OML/cmm/m/it/10 v[]\OT1/cmr/m/n/10 [\OML/cmm/m/it/10 m=s\OT1/cmr/m/n/10 ]$
| 
 []


Overfull \hbox (62.90796pt too wide) in paragraph at lines 61--81
[]  
 []

[1

{c:/texlive/2022/texmf-var/fonts/map/pdftex/updmap/pdftex.map}]
Overfull \hbox (3.52994pt too wide) in paragraph at lines 85--85
[]|$\OML/cmm/m/it/10 a[]\OT1/cmr/m/n/10 [\OML/cmm/m/it/10 m[]\OT1/cmr/m/n/10 ]$
| 
 []


Overfull \hbox (3.52994pt too wide) in paragraph at lines 85--85
[]|$\OML/cmm/m/it/10 a[]\OT1/cmr/m/n/10 [\OML/cmm/m/it/10 m[]\OT1/cmr/m/n/10 ]$
| 
 []


Overfull \hbox (3.36581pt too wide) in paragraph at lines 85--85
[]|$\OML/cmm/m/it/10 v[]\OT1/cmr/m/n/10 [\OML/cmm/m/it/10 m=s\OT1/cmr/m/n/10 ]$
| 
 []


Overfull \hbox (3.36581pt too wide) in paragraph at lines 85--86
[]|$\OML/cmm/m/it/10 v[]\OT1/cmr/m/n/10 [\OML/cmm/m/it/10 m=s\OT1/cmr/m/n/10 ]$
| 
 []


Overfull \hbox (62.90796pt too wide) in paragraph at lines 83--102
[]  
 []


Overfull \hbox (3.52994pt too wide) in paragraph at lines 106--106
[]|$\OML/cmm/m/it/10 a[]\OT1/cmr/m/n/10 [\OML/cmm/m/it/10 m[]\OT1/cmr/m/n/10 ]$
| 
 []


Overfull \hbox (3.52994pt too wide) in paragraph at lines 106--106
[]|$\OML/cmm/m/it/10 a[]\OT1/cmr/m/n/10 [\OML/cmm/m/it/10 m[]\OT1/cmr/m/n/10 ]$
| 
 []


Overfull \hbox (3.36581pt too wide) in paragraph at lines 106--106
[]|$\OML/cmm/m/it/10 v[]\OT1/cmr/m/n/10 [\OML/cmm/m/it/10 m=s\OT1/cmr/m/n/10 ]$
| 
 []


Overfull \hbox (3.36581pt too wide) in paragraph at lines 106--107
[]|$\OML/cmm/m/it/10 v[]\OT1/cmr/m/n/10 [\OML/cmm/m/it/10 m=s\OT1/cmr/m/n/10 ]$
| 
 []


Overfull \hbox (62.90796pt too wide) in paragraph at lines 104--123
[]  
 []


Overfull \hbox (3.52994pt too wide) in paragraph at lines 127--127
[]|$\OML/cmm/m/it/10 a[]\OT1/cmr/m/n/10 [\OML/cmm/m/it/10 m[]\OT1/cmr/m/n/10 ]$
| 
 []


Overfull \hbox (3.52994pt too wide) in paragraph at lines 127--127
[]|$\OML/cmm/m/it/10 a[]\OT1/cmr/m/n/10 [\OML/cmm/m/it/10 m[]\OT1/cmr/m/n/10 ]$
| 
 []


Overfull \hbox (3.36581pt too wide) in paragraph at lines 127--127
[]|$\OML/cmm/m/it/10 v[]\OT1/cmr/m/n/10 [\OML/cmm/m/it/10 m=s\OT1/cmr/m/n/10 ]$
| 
 []


Overfull \hbox (3.36581pt too wide) in paragraph at lines 127--128
[]|$\OML/cmm/m/it/10 v[]\OT1/cmr/m/n/10 [\OML/cmm/m/it/10 m=s\OT1/cmr/m/n/10 ]$
| 
 []


Overfull \hbox (62.90796pt too wide) in paragraph at lines 125--148
[]  
 []

[2]
Overfull \hbox (3.52994pt too wide) in paragraph at lines 152--152
[]|$\OML/cmm/m/it/10 a[]\OT1/cmr/m/n/10 [\OML/cmm/m/it/10 m[]\OT1/cmr/m/n/10 ]$
| 
 []


Overfull \hbox (3.52994pt too wide) in paragraph at lines 152--152
[]|$\OML/cmm/m/it/10 a[]\OT1/cmr/m/n/10 [\OML/cmm/m/it/10 m[]\OT1/cmr/m/n/10 ]$
| 
 []


Overfull \hbox (3.36581pt too wide) in paragraph at lines 152--152
[]|$\OML/cmm/m/it/10 v[]\OT1/cmr/m/n/10 [\OML/cmm/m/it/10 m=s\OT1/cmr/m/n/10 ]$
| 
 []


Overfull \hbox (3.36581pt too wide) in paragraph at lines 152--153
[]|$\OML/cmm/m/it/10 v[]\OT1/cmr/m/n/10 [\OML/cmm/m/it/10 m=s\OT1/cmr/m/n/10 ]$
| 
 []


Overfull \hbox (62.90796pt too wide) in paragraph at lines 150--170
[]  
 []


Overfull \hbox (3.52994pt too wide) in paragraph at lines 174--174
[]|$\OML/cmm/m/it/10 a[]\OT1/cmr/m/n/10 [\OML/cmm/m/it/10 m[]\OT1/cmr/m/n/10 ]$
| 
 []


Overfull \hbox (3.52994pt too wide) in paragraph at lines 174--174
[]|$\OML/cmm/m/it/10 a[]\OT1/cmr/m/n/10 [\OML/cmm/m/it/10 m[]\OT1/cmr/m/n/10 ]$
| 
 []


Overfull \hbox (3.36581pt too wide) in paragraph at lines 174--174
[]|$\OML/cmm/m/it/10 v[]\OT1/cmr/m/n/10 [\OML/cmm/m/it/10 m=s\OT1/cmr/m/n/10 ]$
| 
 []


Overfull \hbox (3.36581pt too wide) in paragraph at lines 174--175
[]|$\OML/cmm/m/it/10 v[]\OT1/cmr/m/n/10 [\OML/cmm/m/it/10 m=s\OT1/cmr/m/n/10 ]$
| 
 []


Overfull \hbox (62.90796pt too wide) in paragraph at lines 172--191
[]  
 []

[3] [4] (./jf_4_0_jgloc_0_40_theta_-90_port_P7_adix_pdf.aux) ) 
Here is how much of TeX's memory you used:
 561 strings out of 478238
 10701 string characters out of 5847933
 394627 words of memory out of 5000000
 18873 multiletter control sequences out of 15000+600000
 470479 words of font info for 32 fonts, out of 8000000 for 9000
 1141 hyphenation exceptions out of 8191
 34i,10n,38p,247b,219s stack positions out of 10000i,1000n,20000p,200000b,200000s
<c:/texlive/2022/
texmf-dist/fonts/type1/public/amsfonts/cm/cmbx12.pfb><c:/texlive/2022/texmf-dis
t/fonts/type1/public/amsfonts/cm/cmmi10.pfb><c:/texlive/2022/texmf-dist/fonts/t
ype1/public/amsfonts/cm/cmmi12.pfb><c:/texlive/2022/texmf-dist/fonts/type1/publ
ic/amsfonts/cm/cmmi7.pfb><c:/texlive/2022/texmf-dist/fonts/type1/public/amsfont
s/cm/cmr10.pfb><c:/texlive/2022/texmf-dist/fonts/type1/public/amsfonts/cm/cmr7.
pfb><c:/texlive/2022/texmf-dist/fonts/type1/public/amsfonts/cm/cmsy10.pfb><c:/t
exlive/2022/texmf-dist/fonts/type1/public/amsfonts/cm/cmsy7.pfb>
Output written on jf_4_0_jgloc_0_40_theta_-90_port_P7_adix_pdf.pdf (4 pages, 90
649 bytes).
PDF statistics:
 57 PDF objects out of 1000 (max. 8388607)
 34 compressed objects within 1 object stream
 0 named destinations out of 1000 (max. 500000)
 1 words of extra memory for PDF output out of 10000 (max. 10000000)

